{"/Users/nhathapt/Documents/GitHub/dining-recommendations/frontend/src/App.jsx": {"path":"/Users/nhathapt/Documents/GitHub/dining-recommendations/frontend/src/App.jsx","statementMap":{"0":{"start":{"line":10,"column":2},"end":{"line":18,"column":null}}},"fnMap":{"0":{"name":"App","decl":{"start":{"line":9,"column":9},"end":{"line":9,"column":15}},"loc":{"start":{"line":9,"column":15},"end":{"line":20,"column":null}}}},"branchMap":{},"s":{"0":1},"f":{"0":1},"b":{}}
,"/Users/nhathapt/Documents/GitHub/dining-recommendations/frontend/src/HomePage/ControlPanel.jsx": {"path":"/Users/nhathapt/Documents/GitHub/dining-recommendations/frontend/src/HomePage/ControlPanel.jsx","statementMap":{"0":{"start":{"line":3,"column":21},"end":{"line":74,"column":null}},"1":{"start":{"line":4,"column":2},"end":{"line":72,"column":null}},"2":{"start":{"line":29,"column":28},"end":{"line":29,"column":null}},"3":{"start":{"line":38,"column":28},"end":{"line":38,"column":null}},"4":{"start":{"line":47,"column":28},"end":{"line":47,"column":null}},"5":{"start":{"line":59,"column":28},"end":{"line":59,"column":null}},"6":{"start":{"line":68,"column":28},"end":{"line":68,"column":null}}},"fnMap":{"0":{"name":"(anonymous_0)","decl":{"start":{"line":3,"column":21},"end":{"line":3,"column":22}},"loc":{"start":{"line":3,"column":79},"end":{"line":74,"column":null}}},"1":{"name":"(anonymous_1)","decl":{"start":{"line":29,"column":22},"end":{"line":29,"column":28}},"loc":{"start":{"line":29,"column":28},"end":{"line":29,"column":null}}},"2":{"name":"(anonymous_2)","decl":{"start":{"line":38,"column":22},"end":{"line":38,"column":28}},"loc":{"start":{"line":38,"column":28},"end":{"line":38,"column":null}}},"3":{"name":"(anonymous_3)","decl":{"start":{"line":47,"column":22},"end":{"line":47,"column":28}},"loc":{"start":{"line":47,"column":28},"end":{"line":47,"column":null}}},"4":{"name":"(anonymous_4)","decl":{"start":{"line":59,"column":22},"end":{"line":59,"column":28}},"loc":{"start":{"line":59,"column":28},"end":{"line":59,"column":null}}},"5":{"name":"(anonymous_5)","decl":{"start":{"line":68,"column":22},"end":{"line":68,"column":28}},"loc":{"start":{"line":68,"column":28},"end":{"line":68,"column":null}}}},"branchMap":{},"s":{"0":2,"1":6,"2":1,"3":1,"4":1,"5":1,"6":1},"f":{"0":6,"1":1,"2":1,"3":1,"4":1,"5":1},"b":{}}
,"/Users/nhathapt/Documents/GitHub/dining-recommendations/frontend/src/HomePage/HomePage.jsx": {"path":"/Users/nhathapt/Documents/GitHub/dining-recommendations/frontend/src/HomePage/HomePage.jsx","statementMap":{"0":{"start":{"line":10,"column":19},"end":{"line":10,"column":null}},"1":{"start":{"line":11,"column":22},"end":{"line":11,"column":null}},"2":{"start":{"line":13,"column":2},"end":{"line":17,"column":null}},"3":{"start":{"line":22,"column":2},"end":{"line":22,"column":null}}},"fnMap":{"0":{"name":"App","decl":{"start":{"line":9,"column":24},"end":{"line":9,"column":30}},"loc":{"start":{"line":9,"column":30},"end":{"line":19,"column":null}}},"1":{"name":"renderToDom","decl":{"start":{"line":21,"column":16},"end":{"line":21,"column":28}},"loc":{"start":{"line":21,"column":39},"end":{"line":23,"column":null}}}},"branchMap":{},"s":{"0":1,"1":1,"2":1,"3":1},"f":{"0":1,"1":1},"b":{}}
,"/Users/nhathapt/Documents/GitHub/dining-recommendations/frontend/src/HomePage/Intro.jsx": {"path":"/Users/nhathapt/Documents/GitHub/dining-recommendations/frontend/src/HomePage/Intro.jsx","statementMap":{"0":{"start":{"line":6,"column":18},"end":{"line":6,"column":null}},"1":{"start":{"line":8,"column":14},"end":{"line":60,"column":null}},"2":{"start":{"line":9,"column":32},"end":{"line":9,"column":null}},"3":{"start":{"line":10,"column":28},"end":{"line":10,"column":null}},"4":{"start":{"line":11,"column":19},"end":{"line":11,"column":null}},"5":{"start":{"line":13,"column":24},"end":{"line":16,"column":null}},"6":{"start":{"line":14,"column":18},"end":{"line":14,"column":null}},"7":{"start":{"line":15,"column":4},"end":{"line":15,"column":null}},"8":{"start":{"line":18,"column":23},"end":{"line":41,"column":null}},"9":{"start":{"line":19,"column":4},"end":{"line":22,"column":null}},"10":{"start":{"line":20,"column":6},"end":{"line":20,"column":null}},"11":{"start":{"line":21,"column":6},"end":{"line":21,"column":null}},"12":{"start":{"line":23,"column":4},"end":{"line":26,"column":null}},"13":{"start":{"line":24,"column":6},"end":{"line":24,"column":null}},"14":{"start":{"line":25,"column":6},"end":{"line":25,"column":null}},"15":{"start":{"line":27,"column":4},"end":{"line":27,"column":null}},"16":{"start":{"line":30,"column":4},"end":{"line":40,"column":null}},"17":{"start":{"line":31,"column":23},"end":{"line":31,"column":null}},"18":{"start":{"line":32,"column":6},"end":{"line":36,"column":null}},"19":{"start":{"line":33,"column":8},"end":{"line":33,"column":null}},"20":{"start":{"line":35,"column":8},"end":{"line":35,"column":null}},"21":{"start":{"line":38,"column":6},"end":{"line":38,"column":null}},"22":{"start":{"line":39,"column":6},"end":{"line":39,"column":null}},"23":{"start":{"line":43,"column":2},"end":{"line":58,"column":null}},"24":{"start":{"line":52,"column":27},"end":{"line":52,"column":null}}},"fnMap":{"0":{"name":"(anonymous_0)","decl":{"start":{"line":8,"column":14},"end":{"line":8,"column":20}},"loc":{"start":{"line":8,"column":20},"end":{"line":60,"column":null}}},"1":{"name":"(anonymous_1)","decl":{"start":{"line":13,"column":24},"end":{"line":13,"column":25}},"loc":{"start":{"line":13,"column":35},"end":{"line":16,"column":null}}},"2":{"name":"(anonymous_2)","decl":{"start":{"line":18,"column":23},"end":{"line":18,"column":35}},"loc":{"start":{"line":18,"column":35},"end":{"line":41,"column":null}}},"3":{"name":"(anonymous_3)","decl":{"start":{"line":52,"column":20},"end":{"line":52,"column":21}},"loc":{"start":{"line":52,"column":27},"end":{"line":52,"column":null}}}},"branchMap":{"0":{"loc":{"start":{"line":19,"column":4},"end":{"line":22,"column":null}},"type":"if","locations":[{"start":{"line":19,"column":4},"end":{"line":22,"column":null}},{"start":{"line":19,"column":4},"end":{"line":22,"column":null}}]},"1":{"loc":{"start":{"line":23,"column":4},"end":{"line":26,"column":null}},"type":"if","locations":[{"start":{"line":23,"column":4},"end":{"line":26,"column":null}},{"start":{"line":23,"column":4},"end":{"line":26,"column":null}}]},"2":{"loc":{"start":{"line":32,"column":6},"end":{"line":36,"column":null}},"type":"if","locations":[{"start":{"line":32,"column":6},"end":{"line":36,"column":null}},{"start":{"line":34,"column":13},"end":{"line":36,"column":null}}]},"3":{"loc":{"start":{"line":57,"column":7},"end":{"line":57,"column":null}},"type":"binary-expr","locations":[{"start":{"line":57,"column":7},"end":{"line":57,"column":16}},{"start":{"line":57,"column":16},"end":{"line":57,"column":null}}]}},"s":{"0":2,"1":2,"2":15,"3":15,"4":15,"5":15,"6":3,"7":3,"8":15,"9":4,"10":1,"11":1,"12":3,"13":1,"14":1,"15":2,"16":2,"17":2,"18":1,"19":1,"20":0,"21":1,"22":1,"23":15,"24":4},"f":{"0":15,"1":3,"2":4,"3":4},"b":{"0":[1,3],"1":[1,2],"2":[1,0],"3":[15,3]}}
,"/Users/nhathapt/Documents/GitHub/dining-recommendations/frontend/src/HomePage/LazyTable.jsx": {"path":"/Users/nhathapt/Documents/GitHub/dining-recommendations/frontend/src/HomePage/LazyTable.jsx","statementMap":{"0":{"start":{"line":4,"column":18},"end":{"line":64,"column":null}},"1":{"start":{"line":5,"column":26},"end":{"line":5,"column":null}},"2":{"start":{"line":6,"column":26},"end":{"line":6,"column":null}},"3":{"start":{"line":7,"column":34},"end":{"line":7,"column":null}},"4":{"start":{"line":9,"column":2},"end":{"line":13,"column":null}},"5":{"start":{"line":10,"column":4},"end":{"line":12,"column":null}},"6":{"start":{"line":11,"column":19},"end":{"line":11,"column":29}},"7":{"start":{"line":12,"column":23},"end":{"line":12,"column":39}},"8":{"start":{"line":15,"column":27},"end":{"line":22,"column":null}},"9":{"start":{"line":18,"column":4},"end":{"line":21,"column":null}},"10":{"start":{"line":20,"column":6},"end":{"line":20,"column":null}},"11":{"start":{"line":24,"column":31},"end":{"line":28,"column":null}},"12":{"start":{"line":25,"column":24},"end":{"line":25,"column":null}},"13":{"start":{"line":26,"column":4},"end":{"line":26,"column":null}},"14":{"start":{"line":27,"column":4},"end":{"line":27,"column":null}},"15":{"start":{"line":30,"column":28},"end":{"line":32,"column":null}},"16":{"start":{"line":31,"column":4},"end":{"line":31,"column":null}},"17":{"start":{"line":34,"column":2},"end":{"line":62,"column":null}},"18":{"start":{"line":39,"column":32},"end":{"line":39,"column":92}},"19":{"start":{"line":44,"column":12},"end":{"line":50,"column":null}},"20":{"start":{"line":46,"column":16},"end":{"line":48,"column":null}}},"fnMap":{"0":{"name":"(anonymous_0)","decl":{"start":{"line":4,"column":18},"end":{"line":4,"column":19}},"loc":{"start":{"line":4,"column":79},"end":{"line":64,"column":null}}},"1":{"name":"(anonymous_1)","decl":{"start":{"line":9,"column":12},"end":{"line":9,"column":18}},"loc":{"start":{"line":9,"column":18},"end":{"line":13,"column":5}}},"2":{"name":"(anonymous_2)","decl":{"start":{"line":11,"column":12},"end":{"line":11,"column":19}},"loc":{"start":{"line":11,"column":19},"end":{"line":11,"column":29}}},"3":{"name":"(anonymous_3)","decl":{"start":{"line":12,"column":12},"end":{"line":12,"column":23}},"loc":{"start":{"line":12,"column":23},"end":{"line":12,"column":39}}},"4":{"name":"(anonymous_4)","decl":{"start":{"line":15,"column":27},"end":{"line":15,"column":28}},"loc":{"start":{"line":15,"column":43},"end":{"line":22,"column":null}}},"5":{"name":"(anonymous_5)","decl":{"start":{"line":24,"column":31},"end":{"line":24,"column":32}},"loc":{"start":{"line":24,"column":38},"end":{"line":28,"column":null}}},"6":{"name":"(anonymous_6)","decl":{"start":{"line":30,"column":28},"end":{"line":30,"column":29}},"loc":{"start":{"line":30,"column":42},"end":{"line":32,"column":null}}},"7":{"name":"(anonymous_7)","decl":{"start":{"line":39,"column":25},"end":{"line":39,"column":32}},"loc":{"start":{"line":39,"column":32},"end":{"line":39,"column":92}}},"8":{"name":"(anonymous_8)","decl":{"start":{"line":43,"column":20},"end":{"line":43,"column":21}},"loc":{"start":{"line":44,"column":12},"end":{"line":50,"column":null}}},"9":{"name":"(anonymous_9)","decl":{"start":{"line":45,"column":27},"end":{"line":45,"column":28}},"loc":{"start":{"line":46,"column":16},"end":{"line":48,"column":null}}}},"branchMap":{"0":{"loc":{"start":{"line":7,"column":43},"end":{"line":7,"column":64}},"type":"binary-expr","locations":[{"start":{"line":7,"column":43},"end":{"line":7,"column":62}},{"start":{"line":7,"column":62},"end":{"line":7,"column":64}}]},"1":{"loc":{"start":{"line":18,"column":4},"end":{"line":21,"column":null}},"type":"if","locations":[{"start":{"line":18,"column":4},"end":{"line":21,"column":null}},{"start":{"line":18,"column":4},"end":{"line":21,"column":null}}]},"2":{"loc":{"start":{"line":18,"column":8},"end":{"line":18,"column":52}},"type":"binary-expr","locations":[{"start":{"line":18,"column":8},"end":{"line":18,"column":26}},{"start":{"line":18,"column":26},"end":{"line":18,"column":52}}]},"3":{"loc":{"start":{"line":47,"column":19},"end":{"line":47,"column":null}},"type":"cond-expr","locations":[{"start":{"line":47,"column":36},"end":{"line":47,"column":58}},{"start":{"line":47,"column":58},"end":{"line":47,"column":null}}]},"4":{"loc":{"start":{"line":54,"column":30},"end":{"line":54,"column":null}},"type":"binary-expr","locations":[{"start":{"line":54,"column":30},"end":{"line":54,"column":52}},{"start":{"line":54,"column":52},"end":{"line":54,"column":null}}]}},"s":{"0":1,"1":4,"2":4,"3":4,"4":4,"5":2,"6":2,"7":2,"8":4,"9":1,"10":0,"11":4,"12":0,"13":0,"14":0,"15":4,"16":8,"17":4,"18":8,"19":4,"20":8},"f":{"0":4,"1":2,"2":2,"3":2,"4":1,"5":0,"6":8,"7":8,"8":4,"9":8},"b":{"0":[4,0],"1":[0,1],"2":[1,1],"3":[0,8],"4":[4,0]}}
,"/Users/nhathapt/Documents/GitHub/dining-recommendations/frontend/src/HomePage/LeaderboardsPage.jsx": {"path":"/Users/nhathapt/Documents/GitHub/dining-recommendations/frontend/src/HomePage/LeaderboardsPage.jsx","statementMap":{"0":{"start":{"line":13,"column":34},"end":{"line":13,"column":null}},"1":{"start":{"line":16,"column":48},"end":{"line":16,"column":null}},"2":{"start":{"line":17,"column":54},"end":{"line":17,"column":null}},"3":{"start":{"line":18,"column":48},"end":{"line":18,"column":null}},"4":{"start":{"line":19,"column":78},"end":{"line":19,"column":null}},"5":{"start":{"line":20,"column":44},"end":{"line":20,"column":null}},"6":{"start":{"line":21,"column":60},"end":{"line":21,"column":null}},"7":{"start":{"line":23,"column":36},"end":{"line":33,"column":null}},"8":{"start":{"line":24,"column":4},"end":{"line":32,"column":null}},"9":{"start":{"line":26,"column":23},"end":{"line":26,"column":null}},"10":{"start":{"line":27,"column":6},"end":{"line":27,"column":null}},"11":{"start":{"line":28,"column":6},"end":{"line":28,"column":null}},"12":{"start":{"line":29,"column":6},"end":{"line":29,"column":null}},"13":{"start":{"line":31,"column":6},"end":{"line":31,"column":null}},"14":{"start":{"line":35,"column":21},"end":{"line":45,"column":null}},"15":{"start":{"line":36,"column":4},"end":{"line":44,"column":null}},"16":{"start":{"line":38,"column":23},"end":{"line":38,"column":null}},"17":{"start":{"line":39,"column":6},"end":{"line":39,"column":null}},"18":{"start":{"line":40,"column":6},"end":{"line":40,"column":null}},"19":{"start":{"line":41,"column":6},"end":{"line":41,"column":null}},"20":{"start":{"line":43,"column":6},"end":{"line":43,"column":null}},"21":{"start":{"line":47,"column":32},"end":{"line":62,"column":null}},"22":{"start":{"line":48,"column":4},"end":{"line":61,"column":null}},"23":{"start":{"line":50,"column":18},"end":{"line":52,"column":null}},"24":{"start":{"line":54,"column":6},"end":{"line":54,"column":null}},"25":{"start":{"line":56,"column":23},"end":{"line":56,"column":null}},"26":{"start":{"line":57,"column":6},"end":{"line":57,"column":null}},"27":{"start":{"line":58,"column":6},"end":{"line":58,"column":null}},"28":{"start":{"line":60,"column":6},"end":{"line":60,"column":null}},"29":{"start":{"line":64,"column":40},"end":{"line":79,"column":null}},"30":{"start":{"line":65,"column":4},"end":{"line":78,"column":null}},"31":{"start":{"line":67,"column":18},"end":{"line":69,"column":null}},"32":{"start":{"line":71,"column":6},"end":{"line":71,"column":null}},"33":{"start":{"line":73,"column":23},"end":{"line":73,"column":null}},"34":{"start":{"line":74,"column":6},"end":{"line":74,"column":null}},"35":{"start":{"line":75,"column":6},"end":{"line":75,"column":null}},"36":{"start":{"line":77,"column":6},"end":{"line":77,"column":null}},"37":{"start":{"line":81,"column":2},"end":{"line":84,"column":null}},"38":{"start":{"line":82,"column":4},"end":{"line":82,"column":null}},"39":{"start":{"line":83,"column":4},"end":{"line":83,"column":null}},"40":{"start":{"line":86,"column":2},"end":{"line":89,"column":null}},"41":{"start":{"line":87,"column":4},"end":{"line":87,"column":null}},"42":{"start":{"line":88,"column":4},"end":{"line":88,"column":null}},"43":{"start":{"line":91,"column":29},"end":{"line":98,"column":null}},"44":{"start":{"line":100,"column":25},"end":{"line":106,"column":null}},"45":{"start":{"line":108,"column":25},"end":{"line":117,"column":null}},"46":{"start":{"line":119,"column":44},"end":{"line":125,"column":null}},"47":{"start":{"line":127,"column":2},"end":{"line":228,"column":null}},"48":{"start":{"line":143,"column":31},"end":{"line":143,"column":null}},"49":{"start":{"line":160,"column":31},"end":{"line":160,"column":null}},"50":{"start":{"line":173,"column":27},"end":{"line":173,"column":null}},"51":{"start":{"line":190,"column":31},"end":{"line":190,"column":null}},"52":{"start":{"line":203,"column":31},"end":{"line":203,"column":null}},"53":{"start":{"line":220,"column":33},"end":{"line":220,"column":null}}},"fnMap":{"0":{"name":"LeaderboardsPage","decl":{"start":{"line":12,"column":24},"end":{"line":12,"column":43}},"loc":{"start":{"line":12,"column":43},"end":{"line":230,"column":null}}},"1":{"name":"(anonymous_1)","decl":{"start":{"line":23,"column":48},"end":{"line":23,"column":60}},"loc":{"start":{"line":23,"column":60},"end":{"line":33,"column":3}}},"2":{"name":"(anonymous_2)","decl":{"start":{"line":35,"column":33},"end":{"line":35,"column":45}},"loc":{"start":{"line":35,"column":45},"end":{"line":45,"column":5}}},"3":{"name":"(anonymous_3)","decl":{"start":{"line":47,"column":44},"end":{"line":47,"column":56}},"loc":{"start":{"line":47,"column":56},"end":{"line":62,"column":5}}},"4":{"name":"(anonymous_4)","decl":{"start":{"line":64,"column":52},"end":{"line":64,"column":64}},"loc":{"start":{"line":64,"column":64},"end":{"line":79,"column":5}}},"5":{"name":"(anonymous_5)","decl":{"start":{"line":81,"column":12},"end":{"line":81,"column":18}},"loc":{"start":{"line":81,"column":18},"end":{"line":84,"column":5}}},"6":{"name":"(anonymous_6)","decl":{"start":{"line":86,"column":12},"end":{"line":86,"column":18}},"loc":{"start":{"line":86,"column":18},"end":{"line":89,"column":5}}},"7":{"name":"(anonymous_7)","decl":{"start":{"line":143,"column":22},"end":{"line":143,"column":23}},"loc":{"start":{"line":143,"column":31},"end":{"line":143,"column":null}}},"8":{"name":"(anonymous_8)","decl":{"start":{"line":160,"column":22},"end":{"line":160,"column":23}},"loc":{"start":{"line":160,"column":31},"end":{"line":160,"column":null}}},"9":{"name":"(anonymous_9)","decl":{"start":{"line":173,"column":20},"end":{"line":173,"column":21}},"loc":{"start":{"line":173,"column":27},"end":{"line":173,"column":null}}},"10":{"name":"(anonymous_10)","decl":{"start":{"line":190,"column":22},"end":{"line":190,"column":23}},"loc":{"start":{"line":190,"column":31},"end":{"line":190,"column":null}}},"11":{"name":"(anonymous_11)","decl":{"start":{"line":203,"column":24},"end":{"line":203,"column":25}},"loc":{"start":{"line":203,"column":31},"end":{"line":203,"column":null}}},"12":{"name":"(anonymous_12)","decl":{"start":{"line":220,"column":24},"end":{"line":220,"column":25}},"loc":{"start":{"line":220,"column":33},"end":{"line":220,"column":null}}}},"branchMap":{"0":{"loc":{"start":{"line":50,"column":18},"end":{"line":52,"column":null}},"type":"cond-expr","locations":[{"start":{"line":51,"column":10},"end":{"line":51,"column":null}},{"start":{"line":52,"column":10},"end":{"line":52,"column":null}}]},"1":{"loc":{"start":{"line":67,"column":18},"end":{"line":69,"column":null}},"type":"cond-expr","locations":[{"start":{"line":68,"column":10},"end":{"line":68,"column":null}},{"start":{"line":69,"column":10},"end":{"line":69,"column":null}}]}},"s":{"0":6,"1":6,"2":6,"3":6,"4":6,"5":6,"6":6,"7":6,"8":4,"9":4,"10":4,"11":1,"12":1,"13":3,"14":6,"15":3,"16":3,"17":3,"18":0,"19":0,"20":3,"21":6,"22":1,"23":1,"24":1,"25":1,"26":1,"27":0,"28":1,"29":6,"30":1,"31":1,"32":1,"33":1,"34":1,"35":0,"36":1,"37":6,"38":4,"39":4,"40":6,"41":3,"42":3,"43":6,"44":6,"45":6,"46":6,"47":6,"48":3,"49":0,"50":1,"51":0,"52":1,"53":0},"f":{"0":6,"1":4,"2":3,"3":1,"4":1,"5":4,"6":3,"7":3,"8":0,"9":1,"10":0,"11":1,"12":0},"b":{"0":[1,0],"1":[1,0]}}
,"/Users/nhathapt/Documents/GitHub/dining-recommendations/frontend/src/HomePage/Map.jsx": {"path":"/Users/nhathapt/Documents/GitHub/dining-recommendations/frontend/src/HomePage/Map.jsx","statementMap":{"0":{"start":{"line":9,"column":21},"end":{"line":9,"column":null}},"1":{"start":{"line":11,"column":19},"end":{"line":15,"column":null}},"2":{"start":{"line":17,"column":12},"end":{"line":48,"column":null}},"3":{"start":{"line":18,"column":19},"end":{"line":18,"column":null}},"4":{"start":{"line":19,"column":28},"end":{"line":19,"column":null}},"5":{"start":{"line":21,"column":40},"end":{"line":21,"column":null}},"6":{"start":{"line":22,"column":56},"end":{"line":22,"column":null}},"7":{"start":{"line":23,"column":36},"end":{"line":23,"column":null}},"8":{"start":{"line":25,"column":4},"end":{"line":46,"column":null}}},"fnMap":{"0":{"name":"(anonymous_0)","decl":{"start":{"line":17,"column":12},"end":{"line":17,"column":13}},"loc":{"start":{"line":17,"column":40},"end":{"line":48,"column":null}}}},"branchMap":{"0":{"loc":{"start":{"line":34,"column":27},"end":{"line":34,"column":null}},"type":"binary-expr","locations":[{"start":{"line":34,"column":27},"end":{"line":34,"column":60}},{"start":{"line":34,"column":60},"end":{"line":34,"column":null}}]},"1":{"loc":{"start":{"line":35,"column":26},"end":{"line":35,"column":null}},"type":"binary-expr","locations":[{"start":{"line":35,"column":26},"end":{"line":35,"column":58}},{"start":{"line":35,"column":58},"end":{"line":35,"column":null}}]},"2":{"loc":{"start":{"line":41,"column":13},"end":{"line":41,"column":null}},"type":"binary-expr","locations":[{"start":{"line":41,"column":13},"end":{"line":41,"column":45}},{"start":{"line":41,"column":45},"end":{"line":41,"column":null}}]},"3":{"loc":{"start":{"line":42,"column":13},"end":{"line":42,"column":null}},"type":"binary-expr","locations":[{"start":{"line":42,"column":13},"end":{"line":42,"column":45}},{"start":{"line":42,"column":45},"end":{"line":42,"column":null}}]}},"s":{"0":2,"1":2,"2":2,"3":2,"4":2,"5":2,"6":2,"7":2,"8":2},"f":{"0":2},"b":{"0":[2,0],"1":[2,0],"2":[2,0],"3":[2,0]}}
,"/Users/nhathapt/Documents/GitHub/dining-recommendations/frontend/src/HomePage/MarkerIcon.jsx": {"path":"/Users/nhathapt/Documents/GitHub/dining-recommendations/frontend/src/HomePage/MarkerIcon.jsx","statementMap":{"0":{"start":{"line":3,"column":26},"end":{"line":25,"column":null}},"1":{"start":{"line":4,"column":4},"end":{"line":25,"column":null}},"2":{"start":{"line":28,"column":30},"end":{"line":29,"column":null}},"3":{"start":{"line":29,"column":4},"end":{"line":29,"column":null}}},"fnMap":{"0":{"name":"(anonymous_0)","decl":{"start":{"line":3,"column":26},"end":{"line":3,"column":null}},"loc":{"start":{"line":4,"column":4},"end":{"line":25,"column":null}}},"1":{"name":"(anonymous_1)","decl":{"start":{"line":28,"column":30},"end":{"line":28,"column":31}},"loc":{"start":{"line":29,"column":4},"end":{"line":29,"column":null}}}},"branchMap":{},"s":{"0":2,"1":1,"2":2,"3":1},"f":{"0":1,"1":1},"b":{}}
,"/Users/nhathapt/Documents/GitHub/dining-recommendations/frontend/src/HomePage/Markers.jsx": {"path":"/Users/nhathapt/Documents/GitHub/dining-recommendations/frontend/src/HomePage/Markers.jsx","statementMap":{"0":{"start":{"line":12,"column":18},"end":{"line":12,"column":null}},"1":{"start":{"line":14,"column":23},"end":{"line":195,"column":null}},"2":{"start":{"line":15,"column":23},"end":{"line":15,"column":null}},"3":{"start":{"line":16,"column":34},"end":{"line":16,"column":null}},"4":{"start":{"line":17,"column":50},"end":{"line":17,"column":null}},"5":{"start":{"line":18,"column":58},"end":{"line":18,"column":null}},"6":{"start":{"line":19,"column":64},"end":{"line":19,"column":null}},"7":{"start":{"line":20,"column":28},"end":{"line":20,"column":null}},"8":{"start":{"line":22,"column":29},"end":{"line":22,"column":null}},"9":{"start":{"line":25,"column":30},"end":{"line":41,"column":null}},"10":{"start":{"line":26,"column":8},"end":{"line":40,"column":null}},"11":{"start":{"line":27,"column":32},"end":{"line":27,"column":null}},"12":{"start":{"line":28,"column":27},"end":{"line":28,"column":null}},"13":{"start":{"line":29,"column":27},"end":{"line":29,"column":null}},"14":{"start":{"line":30,"column":27},"end":{"line":30,"column":null}},"15":{"start":{"line":31,"column":27},"end":{"line":31,"column":null}},"16":{"start":{"line":32,"column":29},"end":{"line":35,"column":null}},"17":{"start":{"line":36,"column":10},"end":{"line":36,"column":null}},"18":{"start":{"line":37,"column":10},"end":{"line":37,"column":null}},"19":{"start":{"line":39,"column":10},"end":{"line":39,"column":null}},"20":{"start":{"line":43,"column":30},"end":{"line":45,"column":null}},"21":{"start":{"line":44,"column":8},"end":{"line":44,"column":null}},"22":{"start":{"line":47,"column":34},"end":{"line":49,"column":null}},"23":{"start":{"line":48,"column":8},"end":{"line":48,"column":null}},"24":{"start":{"line":51,"column":27},"end":{"line":61,"column":null}},"25":{"start":{"line":52,"column":19},"end":{"line":52,"column":null}},"26":{"start":{"line":53,"column":29},"end":{"line":56,"column":null}},"27":{"start":{"line":57,"column":8},"end":{"line":59,"column":null}},"28":{"start":{"line":58,"column":12},"end":{"line":58,"column":null}},"29":{"start":{"line":60,"column":8},"end":{"line":60,"column":null}},"30":{"start":{"line":63,"column":36},"end":{"line":86,"column":null}},"31":{"start":{"line":64,"column":38},"end":{"line":83,"column":null}},"32":{"start":{"line":65,"column":36},"end":{"line":65,"column":null}},"33":{"start":{"line":65,"column":70},"end":{"line":65,"column":126}},"34":{"start":{"line":67,"column":12},"end":{"line":82,"column":null}},"35":{"start":{"line":68,"column":39},"end":{"line":68,"column":null}},"36":{"start":{"line":68,"column":90},"end":{"line":68,"column":105}},"37":{"start":{"line":69,"column":43},"end":{"line":71,"column":null}},"38":{"start":{"line":70,"column":20},"end":{"line":70,"column":null}},"39":{"start":{"line":72,"column":16},"end":{"line":75,"column":null}},"40":{"start":{"line":77,"column":40},"end":{"line":77,"column":null}},"41":{"start":{"line":77,"column":84},"end":{"line":77,"column":133}},"42":{"start":{"line":78,"column":16},"end":{"line":81,"column":null}},"43":{"start":{"line":85,"column":8},"end":{"line":85,"column":null}},"44":{"start":{"line":89,"column":4},"end":{"line":91,"column":null}},"45":{"start":{"line":90,"column":8},"end":{"line":90,"column":null}},"46":{"start":{"line":93,"column":4},"end":{"line":95,"column":null}},"47":{"start":{"line":94,"column":8},"end":{"line":94,"column":null}},"48":{"start":{"line":97,"column":4},"end":{"line":99,"column":null}},"49":{"start":{"line":98,"column":8},"end":{"line":98,"column":null}},"50":{"start":{"line":101,"column":4},"end":{"line":103,"column":null}},"51":{"start":{"line":102,"column":8},"end":{"line":102,"column":null}},"52":{"start":{"line":105,"column":4},"end":{"line":109,"column":null}},"53":{"start":{"line":106,"column":8},"end":{"line":108,"column":null}},"54":{"start":{"line":107,"column":12},"end":{"line":107,"column":null}},"55":{"start":{"line":111,"column":4},"end":{"line":116,"column":null}},"56":{"start":{"line":112,"column":8},"end":{"line":114,"column":null}},"57":{"start":{"line":113,"column":12},"end":{"line":113,"column":null}},"58":{"start":{"line":115,"column":8},"end":{"line":115,"column":null}},"59":{"start":{"line":118,"column":4},"end":{"line":193,"column":null}},"60":{"start":{"line":121,"column":16},"end":{"line":127,"column":null}},"61":{"start":{"line":123,"column":24},"end":{"line":123,"column":null}},"62":{"start":{"line":124,"column":24},"end":{"line":124,"column":null}},"63":{"start":{"line":131,"column":16},"end":{"line":153,"column":null}},"64":{"start":{"line":139,"column":24},"end":{"line":139,"column":null}},"65":{"start":{"line":139,"column":76},"end":{"line":139,"column":207}},"66":{"start":{"line":140,"column":24},"end":{"line":140,"column":null}},"67":{"start":{"line":140,"column":90},"end":{"line":140,"column":143}},"68":{"start":{"line":157,"column":16},"end":{"line":162,"column":null}},"69":{"start":{"line":159,"column":20},"end":{"line":159,"column":null}},"70":{"start":{"line":166,"column":16},"end":{"line":190,"column":null}},"71":{"start":{"line":174,"column":24},"end":{"line":174,"column":null}},"72":{"start":{"line":174,"column":84},"end":{"line":174,"column":176}}},"fnMap":{"0":{"name":"(anonymous_0)","decl":{"start":{"line":14,"column":23},"end":{"line":14,"column":24}},"loc":{"start":{"line":14,"column":74},"end":{"line":195,"column":null}}},"1":{"name":"(anonymous_1)","decl":{"start":{"line":25,"column":42},"end":{"line":25,"column":49}},"loc":{"start":{"line":25,"column":60},"end":{"line":41,"column":10}}},"2":{"name":"(anonymous_2)","decl":{"start":{"line":43,"column":30},"end":{"line":43,"column":31}},"loc":{"start":{"line":43,"column":42},"end":{"line":45,"column":null}}},"3":{"name":"(anonymous_3)","decl":{"start":{"line":47,"column":34},"end":{"line":47,"column":35}},"loc":{"start":{"line":47,"column":46},"end":{"line":49,"column":null}}},"4":{"name":"(anonymous_4)","decl":{"start":{"line":51,"column":27},"end":{"line":51,"column":34}},"loc":{"start":{"line":51,"column":45},"end":{"line":61,"column":null}}},"5":{"name":"(anonymous_5)","decl":{"start":{"line":63,"column":48},"end":{"line":63,"column":54}},"loc":{"start":{"line":63,"column":54},"end":{"line":86,"column":7}}},"6":{"name":"(anonymous_6)","decl":{"start":{"line":64,"column":58},"end":{"line":64,"column":68}},"loc":{"start":{"line":64,"column":68},"end":{"line":83,"column":9}}},"7":{"name":"(anonymous_7)","decl":{"start":{"line":65,"column":60},"end":{"line":65,"column":70}},"loc":{"start":{"line":65,"column":70},"end":{"line":65,"column":126}}},"8":{"name":"(anonymous_8)","decl":{"start":{"line":68,"column":83},"end":{"line":68,"column":90}},"loc":{"start":{"line":68,"column":90},"end":{"line":68,"column":105}}},"9":{"name":"(anonymous_9)","decl":{"start":{"line":69,"column":73},"end":{"line":69,"column":87}},"loc":{"start":{"line":69,"column":87},"end":{"line":71,"column":17}}},"10":{"name":"(anonymous_10)","decl":{"start":{"line":77,"column":70},"end":{"line":77,"column":84}},"loc":{"start":{"line":77,"column":84},"end":{"line":77,"column":133}}},"11":{"name":"(anonymous_11)","decl":{"start":{"line":89,"column":14},"end":{"line":89,"column":20}},"loc":{"start":{"line":89,"column":20},"end":{"line":91,"column":7}}},"12":{"name":"(anonymous_12)","decl":{"start":{"line":93,"column":14},"end":{"line":93,"column":20}},"loc":{"start":{"line":93,"column":20},"end":{"line":95,"column":7}}},"13":{"name":"(anonymous_13)","decl":{"start":{"line":97,"column":14},"end":{"line":97,"column":20}},"loc":{"start":{"line":97,"column":20},"end":{"line":99,"column":7}}},"14":{"name":"(anonymous_14)","decl":{"start":{"line":101,"column":14},"end":{"line":101,"column":20}},"loc":{"start":{"line":101,"column":20},"end":{"line":103,"column":7}}},"15":{"name":"(anonymous_15)","decl":{"start":{"line":105,"column":14},"end":{"line":105,"column":20}},"loc":{"start":{"line":105,"column":20},"end":{"line":109,"column":7}}},"16":{"name":"(anonymous_16)","decl":{"start":{"line":111,"column":14},"end":{"line":111,"column":20}},"loc":{"start":{"line":111,"column":20},"end":{"line":116,"column":7}}},"17":{"name":"(anonymous_17)","decl":{"start":{"line":120,"column":25},"end":{"line":120,"column":26}},"loc":{"start":{"line":120,"column":44},"end":{"line":128,"column":null}}},"18":{"name":"(anonymous_18)","decl":{"start":{"line":122,"column":37},"end":{"line":122,"column":38}},"loc":{"start":{"line":122,"column":48},"end":{"line":125,"column":23}}},"19":{"name":"(anonymous_19)","decl":{"start":{"line":130,"column":33},"end":{"line":130,"column":34}},"loc":{"start":{"line":131,"column":16},"end":{"line":153,"column":null}}},"20":{"name":"(anonymous_20)","decl":{"start":{"line":138,"column":29},"end":{"line":138,"column":35}},"loc":{"start":{"line":138,"column":35},"end":{"line":141,"column":null}}},"21":{"name":"(anonymous_21)","decl":{"start":{"line":139,"column":66},"end":{"line":139,"column":76}},"loc":{"start":{"line":139,"column":76},"end":{"line":139,"column":207}}},"22":{"name":"(anonymous_22)","decl":{"start":{"line":140,"column":80},"end":{"line":140,"column":90}},"loc":{"start":{"line":140,"column":90},"end":{"line":140,"column":143}}},"23":{"name":"(anonymous_23)","decl":{"start":{"line":156,"column":40},"end":{"line":156,"column":41}},"loc":{"start":{"line":156,"column":63},"end":{"line":163,"column":null}}},"24":{"name":"(anonymous_24)","decl":{"start":{"line":158,"column":33},"end":{"line":158,"column":34}},"loc":{"start":{"line":158,"column":44},"end":{"line":160,"column":19}}},"25":{"name":"(anonymous_25)","decl":{"start":{"line":165,"column":37},"end":{"line":165,"column":38}},"loc":{"start":{"line":166,"column":16},"end":{"line":190,"column":null}}},"26":{"name":"(anonymous_26)","decl":{"start":{"line":173,"column":29},"end":{"line":173,"column":35}},"loc":{"start":{"line":173,"column":35},"end":{"line":175,"column":null}}},"27":{"name":"(anonymous_27)","decl":{"start":{"line":174,"column":74},"end":{"line":174,"column":84}},"loc":{"start":{"line":174,"column":84},"end":{"line":174,"column":176}}}},"branchMap":{"0":{"loc":{"start":{"line":57,"column":8},"end":{"line":59,"column":null}},"type":"if","locations":[{"start":{"line":57,"column":8},"end":{"line":59,"column":null}},{"start":{"line":57,"column":8},"end":{"line":59,"column":null}}]},"1":{"loc":{"start":{"line":67,"column":12},"end":{"line":82,"column":null}},"type":"if","locations":[{"start":{"line":67,"column":12},"end":{"line":82,"column":null}},{"start":{"line":76,"column":19},"end":{"line":82,"column":null}}]},"2":{"loc":{"start":{"line":70,"column":27},"end":{"line":70,"column":null}},"type":"binary-expr","locations":[{"start":{"line":70,"column":27},"end":{"line":70,"column":80}},{"start":{"line":70,"column":80},"end":{"line":70,"column":null}}]},"3":{"loc":{"start":{"line":106,"column":8},"end":{"line":108,"column":null}},"type":"if","locations":[{"start":{"line":106,"column":8},"end":{"line":108,"column":null}},{"start":{"line":106,"column":8},"end":{"line":108,"column":null}}]},"4":{"loc":{"start":{"line":112,"column":8},"end":{"line":114,"column":null}},"type":"if","locations":[{"start":{"line":112,"column":8},"end":{"line":114,"column":null}},{"start":{"line":112,"column":8},"end":{"line":114,"column":null}}]},"5":{"loc":{"start":{"line":112,"column":12},"end":{"line":112,"column":65}},"type":"binary-expr","locations":[{"start":{"line":112,"column":12},"end":{"line":112,"column":34}},{"start":{"line":112,"column":34},"end":{"line":112,"column":65}}]},"6":{"loc":{"start":{"line":139,"column":76},"end":{"line":139,"column":207}},"type":"binary-expr","locations":[{"start":{"line":139,"column":76},"end":{"line":139,"column":115}},{"start":{"line":139,"column":115},"end":{"line":139,"column":162}},{"start":{"line":139,"column":162},"end":{"line":139,"column":207}}]},"7":{"loc":{"start":{"line":147,"column":48},"end":{"line":149,"column":null}},"type":"cond-expr","locations":[{"start":{"line":148,"column":36},"end":{"line":148,"column":null}},{"start":{"line":149,"column":36},"end":{"line":149,"column":null}}]},"8":{"loc":{"start":{"line":147,"column":48},"end":{"line":147,"column":null}},"type":"binary-expr","locations":[{"start":{"line":147,"column":48},"end":{"line":147,"column":74}},{"start":{"line":147,"column":74},"end":{"line":147,"column":null}}]},"9":{"loc":{"start":{"line":174,"column":84},"end":{"line":174,"column":176}},"type":"binary-expr","locations":[{"start":{"line":174,"column":84},"end":{"line":174,"column":110}},{"start":{"line":174,"column":110},"end":{"line":174,"column":144}},{"start":{"line":174,"column":144},"end":{"line":174,"column":176}}]},"10":{"loc":{"start":{"line":182,"column":25},"end":{"line":182,"column":null}},"type":"binary-expr","locations":[{"start":{"line":182,"column":25},"end":{"line":182,"column":41}},{"start":{"line":182,"column":41},"end":{"line":182,"column":null}}]},"11":{"loc":{"start":{"line":183,"column":25},"end":{"line":183,"column":null}},"type":"binary-expr","locations":[{"start":{"line":183,"column":25},"end":{"line":183,"column":42}},{"start":{"line":183,"column":42},"end":{"line":183,"column":null}}]},"12":{"loc":{"start":{"line":185,"column":25},"end":{"line":185,"column":null}},"type":"binary-expr","locations":[{"start":{"line":185,"column":25},"end":{"line":185,"column":44}},{"start":{"line":185,"column":44},"end":{"line":185,"column":null}}]},"13":{"loc":{"start":{"line":186,"column":25},"end":{"line":186,"column":null}},"type":"binary-expr","locations":[{"start":{"line":186,"column":25},"end":{"line":186,"column":42}},{"start":{"line":186,"column":42},"end":{"line":186,"column":null}}]}},"s":{"0":2,"1":2,"2":15,"3":15,"4":15,"5":15,"6":15,"7":15,"8":15,"9":15,"10":4,"11":4,"12":4,"13":4,"14":4,"15":4,"16":4,"17":4,"18":4,"19":0,"20":15,"21":2,"22":15,"23":0,"24":15,"25":2,"26":2,"27":2,"28":0,"29":2,"30":15,"31":5,"32":0,"33":0,"34":0,"35":0,"36":0,"37":0,"38":0,"39":0,"40":0,"41":0,"42":0,"43":5,"44":15,"45":7,"46":15,"47":4,"48":15,"49":5,"50":15,"51":4,"52":15,"53":4,"54":4,"55":15,"56":5,"57":0,"58":5,"59":15,"60":10,"61":2,"62":2,"63":2,"64":1,"65":1,"66":1,"67":0,"68":0,"69":0,"70":0,"71":0,"72":0},"f":{"0":15,"1":4,"2":2,"3":0,"4":2,"5":5,"6":0,"7":0,"8":0,"9":0,"10":0,"11":7,"12":4,"13":5,"14":4,"15":4,"16":5,"17":10,"18":2,"19":2,"20":1,"21":1,"22":0,"23":0,"24":0,"25":0,"26":0,"27":0},"b":{"0":[0,2],"1":[0,0],"2":[0,0],"3":[4,0],"4":[0,5],"5":[5,1],"6":[1,0,0],"7":[0,2],"8":[2,0],"9":[0,0,0],"10":[0,0],"11":[0,0],"12":[0,0],"13":[0,0]}}
,"/Users/nhathapt/Documents/GitHub/dining-recommendations/frontend/src/HomePage/Navbar.jsx": {"path":"/Users/nhathapt/Documents/GitHub/dining-recommendations/frontend/src/HomePage/Navbar.jsx","statementMap":{"0":{"start":{"line":4,"column":15},"end":{"line":51,"column":null}},"1":{"start":{"line":5,"column":23},"end":{"line":12,"column":null}},"2":{"start":{"line":14,"column":21},"end":{"line":19,"column":null}},"3":{"start":{"line":22,"column":22},"end":{"line":27,"column":null}},"4":{"start":{"line":29,"column":0},"end":{"line":49,"column":null}}},"fnMap":{"0":{"name":"(anonymous_0)","decl":{"start":{"line":4,"column":15},"end":{"line":4,"column":21}},"loc":{"start":{"line":4,"column":21},"end":{"line":51,"column":null}}}},"branchMap":{},"s":{"0":4,"1":22,"2":22,"3":22,"4":22},"f":{"0":22},"b":{}}
,"/Users/nhathapt/Documents/GitHub/dining-recommendations/frontend/src/HomePage/Restaurants.jsx": {"path":"/Users/nhathapt/Documents/GitHub/dining-recommendations/frontend/src/HomePage/Restaurants.jsx","statementMap":{"0":{"start":{"line":10,"column":18},"end":{"line":10,"column":null}},"1":{"start":{"line":12,"column":27},"end":{"line":86,"column":null}},"2":{"start":{"line":13,"column":23},"end":{"line":13,"column":null}},"3":{"start":{"line":14,"column":34},"end":{"line":14,"column":null}},"4":{"start":{"line":15,"column":58},"end":{"line":15,"column":null}},"5":{"start":{"line":17,"column":30},"end":{"line":31,"column":null}},"6":{"start":{"line":18,"column":8},"end":{"line":30,"column":null}},"7":{"start":{"line":19,"column":32},"end":{"line":19,"column":null}},"8":{"start":{"line":20,"column":27},"end":{"line":20,"column":null}},"9":{"start":{"line":21,"column":27},"end":{"line":21,"column":null}},"10":{"start":{"line":22,"column":27},"end":{"line":22,"column":null}},"11":{"start":{"line":23,"column":27},"end":{"line":23,"column":null}},"12":{"start":{"line":24,"column":29},"end":{"line":26,"column":null}},"13":{"start":{"line":27,"column":10},"end":{"line":27,"column":null}},"14":{"start":{"line":28,"column":10},"end":{"line":28,"column":null}},"15":{"start":{"line":33,"column":34},"end":{"line":35,"column":null}},"16":{"start":{"line":34,"column":8},"end":{"line":34,"column":null}},"17":{"start":{"line":38,"column":4},"end":{"line":40,"column":null}},"18":{"start":{"line":39,"column":8},"end":{"line":39,"column":null}},"19":{"start":{"line":42,"column":4},"end":{"line":44,"column":null}},"20":{"start":{"line":43,"column":8},"end":{"line":43,"column":null}},"21":{"start":{"line":46,"column":4},"end":{"line":84,"column":null}},"22":{"start":{"line":49,"column":12},"end":{"line":54,"column":null}},"23":{"start":{"line":51,"column":16},"end":{"line":51,"column":null}},"24":{"start":{"line":57,"column":16},"end":{"line":81,"column":null}},"25":{"start":{"line":65,"column":24},"end":{"line":65,"column":null}},"26":{"start":{"line":65,"column":84},"end":{"line":65,"column":172}}},"fnMap":{"0":{"name":"(anonymous_0)","decl":{"start":{"line":12,"column":27},"end":{"line":12,"column":33}},"loc":{"start":{"line":12,"column":33},"end":{"line":86,"column":null}}},"1":{"name":"(anonymous_1)","decl":{"start":{"line":17,"column":42},"end":{"line":17,"column":49}},"loc":{"start":{"line":17,"column":60},"end":{"line":31,"column":10}}},"2":{"name":"(anonymous_2)","decl":{"start":{"line":33,"column":34},"end":{"line":33,"column":35}},"loc":{"start":{"line":33,"column":46},"end":{"line":35,"column":null}}},"3":{"name":"(anonymous_3)","decl":{"start":{"line":38,"column":14},"end":{"line":38,"column":20}},"loc":{"start":{"line":38,"column":20},"end":{"line":40,"column":7}}},"4":{"name":"(anonymous_4)","decl":{"start":{"line":42,"column":14},"end":{"line":42,"column":20}},"loc":{"start":{"line":42,"column":20},"end":{"line":44,"column":7}}},"5":{"name":"(anonymous_5)","decl":{"start":{"line":48,"column":21},"end":{"line":48,"column":22}},"loc":{"start":{"line":48,"column":40},"end":{"line":55,"column":14}}},"6":{"name":"(anonymous_6)","decl":{"start":{"line":50,"column":29},"end":{"line":50,"column":30}},"loc":{"start":{"line":50,"column":40},"end":{"line":52,"column":15}}},"7":{"name":"(anonymous_7)","decl":{"start":{"line":56,"column":33},"end":{"line":56,"column":34}},"loc":{"start":{"line":57,"column":16},"end":{"line":81,"column":null}}},"8":{"name":"(anonymous_8)","decl":{"start":{"line":64,"column":29},"end":{"line":64,"column":35}},"loc":{"start":{"line":64,"column":35},"end":{"line":66,"column":null}}},"9":{"name":"(anonymous_9)","decl":{"start":{"line":65,"column":74},"end":{"line":65,"column":84}},"loc":{"start":{"line":65,"column":84},"end":{"line":65,"column":172}}}},"branchMap":{"0":{"loc":{"start":{"line":65,"column":84},"end":{"line":65,"column":172}},"type":"binary-expr","locations":[{"start":{"line":65,"column":84},"end":{"line":65,"column":106}},{"start":{"line":65,"column":106},"end":{"line":65,"column":140}},{"start":{"line":65,"column":140},"end":{"line":65,"column":172}}]},"1":{"loc":{"start":{"line":73,"column":29},"end":{"line":73,"column":null}},"type":"binary-expr","locations":[{"start":{"line":73,"column":29},"end":{"line":73,"column":45}},{"start":{"line":73,"column":45},"end":{"line":73,"column":null}}]},"2":{"loc":{"start":{"line":74,"column":29},"end":{"line":74,"column":null}},"type":"binary-expr","locations":[{"start":{"line":74,"column":29},"end":{"line":74,"column":46}},{"start":{"line":74,"column":46},"end":{"line":74,"column":null}}]},"3":{"loc":{"start":{"line":76,"column":29},"end":{"line":76,"column":null}},"type":"binary-expr","locations":[{"start":{"line":76,"column":29},"end":{"line":76,"column":48}},{"start":{"line":76,"column":48},"end":{"line":76,"column":null}}]},"4":{"loc":{"start":{"line":77,"column":29},"end":{"line":77,"column":null}},"type":"binary-expr","locations":[{"start":{"line":77,"column":29},"end":{"line":77,"column":46}},{"start":{"line":77,"column":46},"end":{"line":77,"column":null}}]}},"s":{"0":2,"1":2,"2":10,"3":10,"4":9,"5":9,"6":3,"7":3,"8":3,"9":3,"10":3,"11":3,"12":3,"13":3,"14":3,"15":9,"16":2,"17":9,"18":3,"19":9,"20":6,"21":9,"22":9,"23":2,"24":2,"25":1,"26":1},"f":{"0":10,"1":3,"2":2,"3":3,"4":6,"5":9,"6":2,"7":2,"8":1,"9":1},"b":{"0":[1,0,0],"1":[2,0],"2":[2,0],"3":[2,0],"4":[2,0]}}
,"/Users/nhathapt/Documents/GitHub/dining-recommendations/frontend/src/HomePage/RestaurantsPage.jsx": {"path":"/Users/nhathapt/Documents/GitHub/dining-recommendations/frontend/src/HomePage/RestaurantsPage.jsx","statementMap":{"0":{"start":{"line":13,"column":15},"end":{"line":15,"column":null}},"1":{"start":{"line":18,"column":34},"end":{"line":18,"column":null}},"2":{"start":{"line":19,"column":26},"end":{"line":19,"column":null}},"3":{"start":{"line":21,"column":26},"end":{"line":21,"column":null}},"4":{"start":{"line":22,"column":32},"end":{"line":22,"column":null}},"5":{"start":{"line":23,"column":28},"end":{"line":23,"column":null}},"6":{"start":{"line":24,"column":28},"end":{"line":24,"column":null}},"7":{"start":{"line":25,"column":30},"end":{"line":25,"column":null}},"8":{"start":{"line":26,"column":34},"end":{"line":26,"column":null}},"9":{"start":{"line":27,"column":36},"end":{"line":27,"column":null}},"10":{"start":{"line":30,"column":38},"end":{"line":30,"column":null}},"11":{"start":{"line":31,"column":38},"end":{"line":31,"column":null}},"12":{"start":{"line":33,"column":2},"end":{"line":35,"column":null}},"13":{"start":{"line":34,"column":4},"end":{"line":34,"column":null}},"14":{"start":{"line":37,"column":32},"end":{"line":49,"column":null}},"15":{"start":{"line":38,"column":4},"end":{"line":48,"column":null}},"16":{"start":{"line":39,"column":19},"end":{"line":39,"column":29}},"17":{"start":{"line":42,"column":42},"end":{"line":42,"column":null}},"18":{"start":{"line":44,"column":8},"end":{"line":44,"column":null}},"19":{"start":{"line":47,"column":8},"end":{"line":47,"column":null}},"20":{"start":{"line":51,"column":2},"end":{"line":53,"column":null}},"21":{"start":{"line":52,"column":4},"end":{"line":52,"column":null}},"22":{"start":{"line":55,"column":32},"end":{"line":67,"column":null}},"23":{"start":{"line":56,"column":4},"end":{"line":66,"column":null}},"24":{"start":{"line":57,"column":19},"end":{"line":57,"column":29}},"25":{"start":{"line":60,"column":30},"end":{"line":60,"column":null}},"26":{"start":{"line":62,"column":8},"end":{"line":62,"column":null}},"27":{"start":{"line":65,"column":8},"end":{"line":65,"column":null}},"28":{"start":{"line":69,"column":2},"end":{"line":76,"column":null}},"29":{"start":{"line":70,"column":4},"end":{"line":75,"column":null}},"30":{"start":{"line":71,"column":19},"end":{"line":71,"column":29}},"31":{"start":{"line":73,"column":34},"end":{"line":73,"column":null}},"32":{"start":{"line":73,"column":61},"end":{"line":73,"column":107}},"33":{"start":{"line":74,"column":8},"end":{"line":74,"column":null}},"34":{"start":{"line":78,"column":17},"end":{"line":89,"column":null}},"35":{"start":{"line":79,"column":4},"end":{"line":88,"column":null}},"36":{"start":{"line":84,"column":19},"end":{"line":84,"column":29}},"37":{"start":{"line":86,"column":34},"end":{"line":86,"column":null}},"38":{"start":{"line":86,"column":61},"end":{"line":86,"column":107}},"39":{"start":{"line":87,"column":8},"end":{"line":87,"column":null}},"40":{"start":{"line":91,"column":18},"end":{"line":100,"column":null}},"41":{"start":{"line":102,"column":2},"end":{"line":226,"column":null}},"42":{"start":{"line":118,"column":33},"end":{"line":118,"column":null}},"43":{"start":{"line":129,"column":33},"end":{"line":129,"column":null}},"44":{"start":{"line":140,"column":43},"end":{"line":140,"column":null}},"45":{"start":{"line":152,"column":43},"end":{"line":152,"column":null}},"46":{"start":{"line":163,"column":43},"end":{"line":163,"column":null}},"47":{"start":{"line":174,"column":43},"end":{"line":174,"column":null}},"48":{"start":{"line":185,"column":43},"end":{"line":185,"column":null}},"49":{"start":{"line":209,"column":45},"end":{"line":209,"column":null}}},"fnMap":{"0":{"name":"RestaurantsPage","decl":{"start":{"line":17,"column":24},"end":{"line":17,"column":42}},"loc":{"start":{"line":17,"column":42},"end":{"line":229,"column":null}}},"1":{"name":"(anonymous_1)","decl":{"start":{"line":33,"column":12},"end":{"line":33,"column":18}},"loc":{"start":{"line":33,"column":18},"end":{"line":35,"column":5}}},"2":{"name":"(anonymous_2)","decl":{"start":{"line":37,"column":32},"end":{"line":37,"column":38}},"loc":{"start":{"line":37,"column":38},"end":{"line":49,"column":null}}},"3":{"name":"(anonymous_3)","decl":{"start":{"line":39,"column":12},"end":{"line":39,"column":19}},"loc":{"start":{"line":39,"column":19},"end":{"line":39,"column":29}}},"4":{"name":"(anonymous_4)","decl":{"start":{"line":40,"column":12},"end":{"line":40,"column":23}},"loc":{"start":{"line":40,"column":23},"end":{"line":45,"column":7}}},"5":{"name":"(anonymous_5)","decl":{"start":{"line":46,"column":13},"end":{"line":46,"column":22}},"loc":{"start":{"line":46,"column":22},"end":{"line":48,"column":7}}},"6":{"name":"(anonymous_6)","decl":{"start":{"line":51,"column":12},"end":{"line":51,"column":18}},"loc":{"start":{"line":51,"column":18},"end":{"line":53,"column":5}}},"7":{"name":"(anonymous_7)","decl":{"start":{"line":55,"column":32},"end":{"line":55,"column":38}},"loc":{"start":{"line":55,"column":38},"end":{"line":67,"column":null}}},"8":{"name":"(anonymous_8)","decl":{"start":{"line":57,"column":12},"end":{"line":57,"column":19}},"loc":{"start":{"line":57,"column":19},"end":{"line":57,"column":29}}},"9":{"name":"(anonymous_9)","decl":{"start":{"line":58,"column":12},"end":{"line":58,"column":23}},"loc":{"start":{"line":58,"column":23},"end":{"line":63,"column":7}}},"10":{"name":"(anonymous_10)","decl":{"start":{"line":64,"column":13},"end":{"line":64,"column":22}},"loc":{"start":{"line":64,"column":22},"end":{"line":66,"column":7}}},"11":{"name":"(anonymous_11)","decl":{"start":{"line":69,"column":12},"end":{"line":69,"column":18}},"loc":{"start":{"line":69,"column":18},"end":{"line":76,"column":5}}},"12":{"name":"(anonymous_12)","decl":{"start":{"line":71,"column":12},"end":{"line":71,"column":19}},"loc":{"start":{"line":71,"column":19},"end":{"line":71,"column":29}}},"13":{"name":"(anonymous_13)","decl":{"start":{"line":72,"column":12},"end":{"line":72,"column":23}},"loc":{"start":{"line":72,"column":23},"end":{"line":75,"column":7}}},"14":{"name":"(anonymous_14)","decl":{"start":{"line":73,"column":46},"end":{"line":73,"column":61}},"loc":{"start":{"line":73,"column":61},"end":{"line":73,"column":107}}},"15":{"name":"(anonymous_15)","decl":{"start":{"line":78,"column":17},"end":{"line":78,"column":23}},"loc":{"start":{"line":78,"column":23},"end":{"line":89,"column":null}}},"16":{"name":"(anonymous_16)","decl":{"start":{"line":84,"column":12},"end":{"line":84,"column":19}},"loc":{"start":{"line":84,"column":19},"end":{"line":84,"column":29}}},"17":{"name":"(anonymous_17)","decl":{"start":{"line":85,"column":12},"end":{"line":85,"column":23}},"loc":{"start":{"line":85,"column":23},"end":{"line":88,"column":7}}},"18":{"name":"(anonymous_18)","decl":{"start":{"line":86,"column":46},"end":{"line":86,"column":61}},"loc":{"start":{"line":86,"column":61},"end":{"line":86,"column":107}}},"19":{"name":"(anonymous_19)","decl":{"start":{"line":118,"column":26},"end":{"line":118,"column":27}},"loc":{"start":{"line":118,"column":33},"end":{"line":118,"column":null}}},"20":{"name":"(anonymous_20)","decl":{"start":{"line":129,"column":26},"end":{"line":129,"column":27}},"loc":{"start":{"line":129,"column":33},"end":{"line":129,"column":null}}},"21":{"name":"(anonymous_21)","decl":{"start":{"line":140,"column":26},"end":{"line":140,"column":27}},"loc":{"start":{"line":140,"column":43},"end":{"line":140,"column":null}}},"22":{"name":"(anonymous_22)","decl":{"start":{"line":152,"column":26},"end":{"line":152,"column":27}},"loc":{"start":{"line":152,"column":43},"end":{"line":152,"column":null}}},"23":{"name":"(anonymous_23)","decl":{"start":{"line":163,"column":26},"end":{"line":163,"column":27}},"loc":{"start":{"line":163,"column":43},"end":{"line":163,"column":null}}},"24":{"name":"(anonymous_24)","decl":{"start":{"line":174,"column":26},"end":{"line":174,"column":27}},"loc":{"start":{"line":174,"column":43},"end":{"line":174,"column":null}}},"25":{"name":"(anonymous_25)","decl":{"start":{"line":185,"column":26},"end":{"line":185,"column":27}},"loc":{"start":{"line":185,"column":43},"end":{"line":185,"column":null}}},"26":{"name":"(anonymous_26)","decl":{"start":{"line":209,"column":28},"end":{"line":209,"column":29}},"loc":{"start":{"line":209,"column":45},"end":{"line":209,"column":null}}}},"branchMap":{"0":{"loc":{"start":{"line":214,"column":11},"end":{"line":217,"column":null}},"type":"binary-expr","locations":[{"start":{"line":214,"column":11},"end":{"line":214,"column":null}},{"start":{"line":215,"column":10},"end":{"line":217,"column":null}}]},"1":{"loc":{"start":{"line":220,"column":11},"end":{"line":223,"column":null}},"type":"binary-expr","locations":[{"start":{"line":220,"column":11},"end":{"line":220,"column":null}},{"start":{"line":221,"column":10},"end":{"line":223,"column":null}}]}},"s":{"0":2,"1":13,"2":13,"3":13,"4":13,"5":13,"6":13,"7":13,"8":13,"9":13,"10":13,"11":13,"12":13,"13":7,"14":13,"15":7,"16":7,"17":7,"18":7,"19":0,"20":13,"21":7,"22":13,"23":7,"24":7,"25":7,"26":7,"27":0,"28":13,"29":7,"30":7,"31":7,"32":7,"33":7,"34":13,"35":2,"36":2,"37":2,"38":2,"39":2,"40":13,"41":13,"42":1,"43":1,"44":0,"45":0,"46":0,"47":0,"48":0,"49":0},"f":{"0":13,"1":7,"2":7,"3":7,"4":7,"5":0,"6":7,"7":7,"8":7,"9":7,"10":0,"11":7,"12":7,"13":7,"14":7,"15":2,"16":2,"17":2,"18":2,"19":1,"20":1,"21":0,"22":0,"23":0,"24":0,"25":0,"26":0},"b":{"0":[13,4],"1":[13,4]}}
,"/Users/nhathapt/Documents/GitHub/dining-recommendations/frontend/src/HomePage/Sidebar.jsx": {"path":"/Users/nhathapt/Documents/GitHub/dining-recommendations/frontend/src/HomePage/Sidebar.jsx","statementMap":{"0":{"start":{"line":3,"column":23},"end":{"line":35,"column":null}},"1":{"start":{"line":4,"column":4},"end":{"line":6,"column":null}},"2":{"start":{"line":5,"column":8},"end":{"line":5,"column":null}},"3":{"start":{"line":8,"column":4},"end":{"line":33,"column":null}},"4":{"start":{"line":11,"column":16},"end":{"line":31,"column":null}},"5":{"start":{"line":18,"column":24},"end":{"line":27,"column":null}},"6":{"start":{"line":37,"column":21},"end":{"line":49,"column":null}}},"fnMap":{"0":{"name":"(anonymous_0)","decl":{"start":{"line":3,"column":23},"end":{"line":3,"column":24}},"loc":{"start":{"line":3,"column":51},"end":{"line":35,"column":null}}},"1":{"name":"(anonymous_1)","decl":{"start":{"line":10,"column":36},"end":{"line":10,"column":37}},"loc":{"start":{"line":11,"column":16},"end":{"line":31,"column":null}}},"2":{"name":"(anonymous_2)","decl":{"start":{"line":17,"column":41},"end":{"line":17,"column":null}},"loc":{"start":{"line":18,"column":24},"end":{"line":27,"column":null}}}},"branchMap":{"0":{"loc":{"start":{"line":4,"column":4},"end":{"line":6,"column":null}},"type":"if","locations":[{"start":{"line":4,"column":4},"end":{"line":6,"column":null}},{"start":{"line":4,"column":4},"end":{"line":6,"column":null}}]},"1":{"loc":{"start":{"line":15,"column":21},"end":{"line":30,"column":null}},"type":"cond-expr","locations":[{"start":{"line":16,"column":16},"end":{"line":29,"column":null}},{"start":{"line":30,"column":16},"end":{"line":30,"column":null}}]}},"s":{"0":3,"1":5,"2":3,"3":2,"4":2,"5":1,"6":3},"f":{"0":5,"1":2,"2":1},"b":{"0":[3,2],"1":[1,1]}}
,"/Users/nhathapt/Documents/GitHub/dining-recommendations/frontend/src/HomePage/UseMap.jsx": {"path":"/Users/nhathapt/Documents/GitHub/dining-recommendations/frontend/src/HomePage/UseMap.jsx","statementMap":{"0":{"start":{"line":4,"column":22},"end":{"line":42,"column":null}},"1":{"start":{"line":5,"column":27},"end":{"line":5,"column":null}},"2":{"start":{"line":6,"column":44},"end":{"line":6,"column":null}},"3":{"start":{"line":7,"column":34},"end":{"line":7,"column":null}},"4":{"start":{"line":9,"column":2},"end":{"line":31,"column":null}},"5":{"start":{"line":11,"column":4},"end":{"line":13,"column":null}},"6":{"start":{"line":12,"column":8},"end":{"line":12,"column":null}},"7":{"start":{"line":15,"column":25},"end":{"line":18,"column":null}},"8":{"start":{"line":16,"column":6},"end":{"line":16,"column":null}},"9":{"start":{"line":17,"column":6},"end":{"line":17,"column":null}},"10":{"start":{"line":20,"column":24},"end":{"line":22,"column":null}},"11":{"start":{"line":21,"column":6},"end":{"line":21,"column":null}},"12":{"start":{"line":24,"column":4},"end":{"line":24,"column":null}},"13":{"start":{"line":25,"column":4},"end":{"line":25,"column":null}},"14":{"start":{"line":27,"column":4},"end":{"line":30,"column":null}},"15":{"start":{"line":28,"column":6},"end":{"line":28,"column":null}},"16":{"start":{"line":29,"column":6},"end":{"line":29,"column":null}},"17":{"start":{"line":33,"column":16},"end":{"line":39,"column":null}},"18":{"start":{"line":34,"column":11},"end":{"line":37,"column":null}},"19":{"start":{"line":41,"column":2},"end":{"line":41,"column":null}}},"fnMap":{"0":{"name":"(anonymous_0)","decl":{"start":{"line":4,"column":22},"end":{"line":4,"column":28}},"loc":{"start":{"line":4,"column":28},"end":{"line":42,"column":null}}},"1":{"name":"(anonymous_1)","decl":{"start":{"line":9,"column":12},"end":{"line":9,"column":18}},"loc":{"start":{"line":9,"column":18},"end":{"line":31,"column":5}}},"2":{"name":"(anonymous_2)","decl":{"start":{"line":15,"column":25},"end":{"line":15,"column":31}},"loc":{"start":{"line":15,"column":31},"end":{"line":18,"column":null}}},"3":{"name":"(anonymous_3)","decl":{"start":{"line":20,"column":24},"end":{"line":20,"column":30}},"loc":{"start":{"line":20,"column":30},"end":{"line":22,"column":null}}},"4":{"name":"(anonymous_4)","decl":{"start":{"line":27,"column":11},"end":{"line":27,"column":17}},"loc":{"start":{"line":27,"column":17},"end":{"line":30,"column":null}}},"5":{"name":"(anonymous_5)","decl":{"start":{"line":34,"column":4},"end":{"line":34,"column":11}},"loc":{"start":{"line":34,"column":11},"end":{"line":37,"column":null}}}},"branchMap":{"0":{"loc":{"start":{"line":11,"column":4},"end":{"line":13,"column":null}},"type":"if","locations":[{"start":{"line":11,"column":4},"end":{"line":13,"column":null}},{"start":{"line":11,"column":4},"end":{"line":13,"column":null}}]},"1":{"loc":{"start":{"line":35,"column":14},"end":{"line":35,"column":null}},"type":"cond-expr","locations":[{"start":{"line":35,"column":25},"end":{"line":35,"column":32}},{"start":{"line":35,"column":32},"end":{"line":35,"column":null}}]}},"s":{"0":4,"1":5,"2":5,"3":5,"4":5,"5":3,"6":0,"7":3,"8":1,"9":1,"10":3,"11":1,"12":3,"13":3,"14":3,"15":3,"16":3,"17":5,"18":5,"19":5},"f":{"0":5,"1":3,"2":1,"3":1,"4":3,"5":5},"b":{"0":[0,3],"1":[1,4]}}
}
